生成启动时间为 2021/7/22 20:16:12。
     1>项目“E:\Lenovo\OneDrive\文档\Visual Studio 2010\Projects\Countdown\Countdown\Countdown.vcxproj”在节点 2 上(rebuild 个目标)。
     1>_PrepareForClean:
         正在删除文件“Debug\Countdown.lastbuildstate”。
       InitializeBuildStatus:
         正在创建“Debug\Countdown.unsuccessfulbuild”，因为已指定“AlwaysCreate”。
       ClCompile:
         e:\Program Files (x86)\Microsoft Visual Studio 10.0\VC\bin\CL.exe /c /Zi /nologo /W3 /WX- /Od /Oy- /D WIN32 /D _DEBUG /D _WINDOWS /D _UNICODE /D UNICODE /Gm /EHsc /RTC1 /MDd /GS /fp:precise /Zc:wchar_t /Zc:forScope /Yc"StdAfx.h" /Fp"Debug\Countdown.pch" /Fo"Debug\\" /Fd"Debug\vc100.pdb" /Gd /TP /analyze- /errorReport:prompt stdafx.cpp
         stdafx.cpp
         e:\Program Files (x86)\Microsoft Visual Studio 10.0\VC\bin\CL.exe /c /Zi /nologo /W3 /WX- /Od /Oy- /D WIN32 /D _DEBUG /D _WINDOWS /D _UNICODE /D UNICODE /Gm /EHsc /RTC1 /MDd /GS /fp:precise /Zc:wchar_t /Zc:forScope /Yu"StdAfx.h" /Fp"Debug\Countdown.pch" /Fo"Debug\\" /Fd"Debug\vc100.pdb" /Gd /TP /analyze- /errorReport:prompt CountdownDesktopFrame.cpp
         CountdownDesktopFrame.cpp
       ResourceCompile:
         C:\Program Files (x86)\Microsoft SDKs\Windows\v7.0A\bin\rc.exe /D _UNICODE /D UNICODE /l"0x0409" /nologo /fo"Debug\Countdown.res" Countdown.rc 
       ManifestResourceCompile:
         C:\Program Files (x86)\Microsoft SDKs\Windows\v7.0A\bin\rc.exe /nologo /fo"Debug\Countdown.exe.embed.manifest.res" Debug\Countdown_manifest.rc 
       Link:
         e:\Program Files (x86)\Microsoft Visual Studio 10.0\VC\bin\link.exe /ERRORREPORT:PROMPT /OUT:"E:\Lenovo\OneDrive\文档\Visual Studio 2010\Projects\Countdown\Debug\Countdown.exe" /INCREMENTAL /NOLOGO kernel32.lib user32.lib gdi32.lib winspool.lib comdlg32.lib advapi32.lib shell32.lib ole32.lib oleaut32.lib uuid.lib odbc32.lib odbccp32.lib /MANIFEST /ManifestFile:"Debug\Countdown.exe.intermediate.manifest" /MANIFESTUAC:"level='asInvoker' uiAccess='false'" /DEBUG /PDB:"E:\Lenovo\OneDrive\文档\Visual Studio 2010\Projects\Countdown\Debug\Countdown.pdb" /SUBSYSTEM:WINDOWS /TLBID:1 /DYNAMICBASE /NXCOMPAT /IMPLIB:"E:\Lenovo\OneDrive\文档\Visual Studio 2010\Projects\Countdown\Debug\Countdown.lib" /MACHINE:X86 Debug\Countdown.res
         Debug\Countdown.exe.embed.manifest.res
         Debug\CountdownDesktopFrame.obj
         Debug\stdafx.obj
       Manifest:
         正在删除文件“Debug\Countdown.exe.embed.manifest”。
         C:\Program Files (x86)\Microsoft SDKs\Windows\v7.0A\bin\mt.exe /nologo /verbose /out:"Debug\Countdown.exe.embed.manifest" /manifest Debug\Countdown.exe.intermediate.manifest
         C:\Program Files (x86)\Microsoft SDKs\Windows\v7.0A\bin\rc.exe /nologo /fo"Debug\Countdown.exe.embed.manifest.res" Debug\Countdown_manifest.rc 
       LinkEmbedManifest:
         e:\Program Files (x86)\Microsoft Visual Studio 10.0\VC\bin\link.exe /ERRORREPORT:PROMPT /OUT:"E:\Lenovo\OneDrive\文档\Visual Studio 2010\Projects\Countdown\Debug\Countdown.exe" /INCREMENTAL /NOLOGO kernel32.lib user32.lib gdi32.lib winspool.lib comdlg32.lib advapi32.lib shell32.lib ole32.lib oleaut32.lib uuid.lib odbc32.lib odbccp32.lib /MANIFEST /ManifestFile:"Debug\Countdown.exe.intermediate.manifest" /MANIFESTUAC:"level='asInvoker' uiAccess='false'" /DEBUG /PDB:"E:\Lenovo\OneDrive\文档\Visual Studio 2010\Projects\Countdown\Debug\Countdown.pdb" /SUBSYSTEM:WINDOWS /TLBID:1 /DYNAMICBASE /NXCOMPAT /IMPLIB:"E:\Lenovo\OneDrive\文档\Visual Studio 2010\Projects\Countdown\Debug\Countdown.lib" /MACHINE:X86 Debug\Countdown.res
         Debug\Countdown.exe.embed.manifest.res
         Debug\CountdownDesktopFrame.obj
         Debug\stdafx.obj
         Countdown.vcxproj -> E:\Lenovo\OneDrive\文档\Visual Studio 2010\Projects\Countdown\Debug\Countdown.exe
       FinalizeBuildStatus:
         正在删除文件“Debug\Countdown.unsuccessfulbuild”。
         正在对“Debug\Countdown.lastbuildstate”执行 Touch 任务。
     1>已完成生成项目“E:\Lenovo\OneDrive\文档\Visual Studio 2010\Projects\Countdown\Countdown\Countdown.vcxproj”(rebuild 个目标)的操作。

生成成功。

已用时间 00:00:06.14
