E:\Lenovo\OneDrive\文档\Visual Studio 2010\Projects\Countdown\Countdown\Debug\cl.command.1.tlog
E:\Lenovo\OneDrive\文档\Visual Studio 2010\Projects\Countdown\Countdown\Debug\CL.read.1.tlog
E:\Lenovo\OneDrive\文档\Visual Studio 2010\Projects\Countdown\Countdown\Debug\CL.write.1.tlog
E:\LENOVO\ONEDRIVE\文档\VISUAL STUDIO 2010\PROJECTS\COUNTDOWN\COUNTDOWN\DEBUG\COUNTDOWN.EXE.EMBED.MANIFEST
E:\LENOVO\ONEDRIVE\文档\VISUAL STUDIO 2010\PROJECTS\COUNTDOWN\COUNTDOWN\DEBUG\COUNTDOWN.EXE.EMBED.MANIFEST.RES
E:\LENOVO\ONEDRIVE\文档\VISUAL STUDIO 2010\PROJECTS\COUNTDOWN\COUNTDOWN\DEBUG\COUNTDOWN.EXE.INTERMEDIATE.MANIFEST
E:\LENOVO\ONEDRIVE\文档\VISUAL STUDIO 2010\PROJECTS\COUNTDOWN\COUNTDOWN\DEBUG\COUNTDOWN.PCH
E:\LENOVO\ONEDRIVE\文档\VISUAL STUDIO 2010\PROJECTS\COUNTDOWN\COUNTDOWN\DEBUG\COUNTDOWN.RES
E:\Lenovo\OneDrive\文档\Visual Studio 2010\Projects\Countdown\Countdown\Debug\Countdown.write.1.tlog
E:\Lenovo\OneDrive\文档\Visual Studio 2010\Projects\Countdown\Countdown\Debug\Countdown_manifest.rc
E:\LENOVO\ONEDRIVE\文档\VISUAL STUDIO 2010\PROJECTS\COUNTDOWN\COUNTDOWN\DEBUG\COUNTDOWNDESKTOPFRAME.OBJ
E:\Lenovo\OneDrive\文档\Visual Studio 2010\Projects\Countdown\Countdown\Debug\link.command.1.tlog
E:\Lenovo\OneDrive\文档\Visual Studio 2010\Projects\Countdown\Countdown\Debug\link.read.1.tlog
E:\Lenovo\OneDrive\文档\Visual Studio 2010\Projects\Countdown\Countdown\Debug\link.write.1.tlog
E:\Lenovo\OneDrive\文档\Visual Studio 2010\Projects\Countdown\Countdown\Debug\link-cvtres.read.1.tlog
E:\Lenovo\OneDrive\文档\Visual Studio 2010\Projects\Countdown\Countdown\Debug\link-cvtres.write.1.tlog
E:\Lenovo\OneDrive\文档\Visual Studio 2010\Projects\Countdown\Countdown\Debug\link-pgocvt.read.1.tlog
E:\Lenovo\OneDrive\文档\Visual Studio 2010\Projects\Countdown\Countdown\Debug\link-pgocvt.write.1.tlog
E:\Lenovo\OneDrive\文档\Visual Studio 2010\Projects\Countdown\Countdown\Debug\mt.command.1.tlog
E:\Lenovo\OneDrive\文档\Visual Studio 2010\Projects\Countdown\Countdown\Debug\mt.read.1.tlog
E:\Lenovo\OneDrive\文档\Visual Studio 2010\Projects\Countdown\Countdown\Debug\mt.write.1.tlog
E:\Lenovo\OneDrive\文档\Visual Studio 2010\Projects\Countdown\Countdown\Debug\rc.command.1.tlog
E:\Lenovo\OneDrive\文档\Visual Studio 2010\Projects\Countdown\Countdown\Debug\rc.read.1.tlog
E:\Lenovo\OneDrive\文档\Visual Studio 2010\Projects\Countdown\Countdown\Debug\rc.write.1.tlog
E:\LENOVO\ONEDRIVE\文档\VISUAL STUDIO 2010\PROJECTS\COUNTDOWN\COUNTDOWN\DEBUG\STDAFX.OBJ
E:\Lenovo\OneDrive\文档\Visual Studio 2010\Projects\Countdown\Countdown\Debug\vc100.idb
E:\LENOVO\ONEDRIVE\文档\VISUAL STUDIO 2010\PROJECTS\COUNTDOWN\COUNTDOWN\DEBUG\VC100.PDB
E:\LENOVO\ONEDRIVE\文档\VISUAL STUDIO 2010\PROJECTS\COUNTDOWN\DEBUG\COUNTDOWN.EXE
E:\LENOVO\ONEDRIVE\文档\VISUAL STUDIO 2010\PROJECTS\COUNTDOWN\DEBUG\COUNTDOWN.PDB
